# JRE version: Java(TM) SE Runtime Environment (8.0_111-b14) (build 1.8.0_111-b14)
# Java VM: Java HotSpot(TM) 64-Bit Server VM (25.111-b14 mixed mode windows-amd64 compressed oops)
Heap:
 PSYoungGen      total 138240K, used 49699K [0x00000000d5c00000, 0x00000000de800000, 0x0000000100000000)
  eden space 133120K, 37% used [0x00000000d5c00000,0x00000000d8c88d40,0x00000000dde00000)
  from space 5120K, 0% used [0x00000000de300000,0x00000000de300000,0x00000000de800000)
  to   space 5120K, 0% used [0x00000000dde00000,0x00000000dde00000,0x00000000de300000)
 ParOldGen       total 90112K, used 15240K [0x0000000081400000, 0x0000000086c00000, 0x00000000d5c00000)
  object space 90112K, 16% used [0x0000000081400000,0x00000000822e22f0,0x0000000086c00000)
 Metaspace       used 36921K, capacity 39708K, committed 39856K, reserved 1083392K
  class space    used 4906K, capacity 5506K, committed 5552K, reserved 1048576K
GC Heap History (10 events):
Event: 2.043 GC heap before
{Heap before GC invocations=4 (full 0):
 PSYoungGen      total 71680K, used 28598K [0x00000000d5c00000, 0x00000000de800000, 0x0000000100000000)
  eden space 66560K, 35% used [0x00000000d5c00000,0x00000000d72f4c78,0x00000000d9d00000)
  from space 5120K, 99% used [0x00000000d9d00000,0x00000000da1f8e10,0x00000000da200000)
  to   space 5120K, 0% used [0x00000000de300000,0x00000000de300000,0x00000000de800000)
 ParOldGen       total 87552K, used 4177K [0x0000000081400000, 0x0000000086980000, 0x00000000d5c00000)
  object space 87552K, 4% used [0x0000000081400000,0x00000000818145e0,0x0000000086980000)
 Metaspace       used 19841K, capacity 21226K, committed 21296K, reserved 1067008K
  class space    used 2538K, capacity 2823K, committed 2864K, reserved 1048576K
Event: 2.049 GC heap after
Heap after GC invocations=4 (full 0):
 PSYoungGen      total 138240K, used 5097K [0x00000000d5c00000, 0x00000000de800000, 0x0000000100000000)
  eden space 133120K, 0% used [0x00000000d5c00000,0x00000000d5c00000,0x00000000dde00000)
  from space 5120K, 99% used [0x00000000de300000,0x00000000de7fa778,0x00000000de800000)
  to   space 5120K, 0% used [0x00000000dde00000,0x00000000dde00000,0x00000000de300000)
 ParOldGen       total 87552K, used 5875K [0x0000000081400000, 0x0000000086980000, 0x00000000d5c00000)
  object space 87552K, 6% used [0x0000000081400000,0x00000000819bcc10,0x0000000086980000)
 Metaspace       used 19841K, capacity 21226K, committed 21296K, reserved 1067008K
  class space    used 2538K, capacity 2823K, committed 2864K, reserved 1048576K
}
Event: 2.049 GC heap before
{Heap before GC invocations=5 (full 1):
 PSYoungGen      total 138240K, used 5097K [0x00000000d5c00000, 0x00000000de800000, 0x0000000100000000)
  eden space 133120K, 0% used [0x00000000d5c00000,0x00000000d5c00000,0x00000000dde00000)
  from space 5120K, 99% used [0x00000000de300000,0x00000000de7fa778,0x00000000de800000)
  to   space 5120K, 0% used [0x00000000dde00000,0x00000000dde00000,0x00000000de300000)
 ParOldGen       total 87552K, used 5875K [0x0000000081400000, 0x0000000086980000, 0x00000000d5c00000)
  object space 87552K, 6% used [0x0000000081400000,0x00000000819bcc10,0x0000000086980000)
 Metaspace       used 19841K, capacity 21226K, committed 21296K, reserved 1067008K
  class space    used 2538K, capacity 2823K, committed 2864K, reserved 1048576K
Event: 2.072 GC heap after
Heap after GC invocations=5 (full 1):
 PSYoungGen      total 138240K, used 0K [0x00000000d5c00000, 0x00000000de800000, 0x0000000100000000)
  eden space 133120K, 0% used [0x00000000d5c00000,0x00000000d5c00000,0x00000000dde00000)
  from space 5120K, 0% used [0x00000000de300000,0x00000000de300000,0x00000000de800000)
  to   space 5120K, 0% used [0x00000000dde00000,0x00000000dde00000,0x00000000de300000)
 ParOldGen       total 55296K, used 6643K [0x0000000081400000, 0x0000000084a00000, 0x00000000d5c00000)
  object space 55296K, 12% used [0x0000000081400000,0x0000000081a7ccb0,0x0000000084a00000)
 Metaspace       used 19841K, capacity 21226K, committed 21296K, reserved 1067008K
  class space    used 2538K, capacity 2823K, committed 2864K, reserved 1048576K
}
Event: 3.154 GC heap before
{Heap before GC invocations=6 (full 1):
 PSYoungGen      total 138240K, used 133120K [0x00000000d5c00000, 0x00000000de800000, 0x0000000100000000)
  eden space 133120K, 100% used [0x00000000d5c00000,0x00000000dde00000,0x00000000dde00000)
  from space 5120K, 0% used [0x00000000de300000,0x00000000de300000,0x00000000de800000)
  to   space 5120K, 0% used [0x00000000dde00000,0x00000000dde00000,0x00000000de300000)
 ParOldGen       total 55296K, used 6649K [0x0000000081400000, 0x0000000084a00000, 0x00000000d5c00000)
  object space 55296K, 12% used [0x0000000081400000,0x0000000081a7e458,0x0000000084a00000)
 Metaspace       used 27241K, capacity 29326K, committed 29360K, reserved 1075200K
  class space    used 3594K, capacity 3989K, committed 4016K, reserved 1048576K
Event: 3.170 GC heap after
Heap after GC invocations=6 (full 1):
 PSYoungGen      total 138240K, used 5092K [0x00000000d5c00000, 0x00000000de800000, 0x0000000100000000)
  eden space 133120K, 0% used [0x00000000d5c00000,0x00000000d5c00000,0x00000000dde00000)
  from space 5120K, 99% used [0x00000000dde00000,0x00000000de2f9060,0x00000000de300000)
  to   space 5120K, 0% used [0x00000000de300000,0x00000000de300000,0x00000000de800000)
 ParOldGen       total 55296K, used 12397K [0x0000000081400000, 0x0000000084a00000, 0x00000000d5c00000)
  object space 55296K, 22% used [0x0000000081400000,0x000000008201b590,0x0000000084a00000)
 Metaspace       used 27241K, capacity 29326K, committed 29360K, reserved 1075200K
  class space    used 3594K, capacity 3989K, committed 4016K, reserved 1048576K
}
Event: 3.873 GC heap before
{Heap before GC invocations=7 (full 1):
 PSYoungGen      total 138240K, used 65342K [0x00000000d5c00000, 0x00000000de800000, 0x0000000100000000)
  eden space 133120K, 45% used [0x00000000d5c00000,0x00000000d96d6b78,0x00000000dde00000)
  from space 5120K, 99% used [0x00000000dde00000,0x00000000de2f9060,0x00000000de300000)
  to   space 5120K, 0% used [0x00000000de300000,0x00000000de300000,0x00000000de800000)
 ParOldGen       total 55296K, used 12397K [0x0000000081400000, 0x0000000084a00000, 0x00000000d5c00000)
  object space 55296K, 22% used [0x0000000081400000,0x000000008201b590,0x0000000084a00000)
 Metaspace       used 33189K, capacity 35480K, committed 35496K, reserved 1079296K
  class space    used 4412K, capacity 4904K, committed 4912K, reserved 1048576K
Event: 3.882 GC heap after
Heap after GC invocations=7 (full 1):
 PSYoungGen      total 138240K, used 5108K [0x00000000d5c00000, 0x00000000de800000, 0x0000000100000000)
  eden space 133120K, 0% used [0x00000000d5c00000,0x00000000d5c00000,0x00000000dde00000)
  from space 5120K, 99% used [0x00000000de300000,0x00000000de7fd040,0x00000000de800000)
  to   space 5120K, 0% used [0x00000000dde00000,0x00000000dde00000,0x00000000de300000)
 ParOldGen       total 55296K, used 17994K [0x0000000081400000, 0x0000000084a00000, 0x00000000d5c00000)
  object space 55296K, 32% used [0x0000000081400000,0x0000000082592940,0x0000000084a00000)
 Metaspace       used 33189K, capacity 35480K, committed 35496K, reserved 1079296K
  class space    used 4412K, capacity 4904K, committed 4912K, reserved 1048576K
}
Event: 3.882 GC heap before
{Heap before GC invocations=8 (full 2):
 PSYoungGen      total 138240K, used 5108K [0x00000000d5c00000, 0x00000000de800000, 0x0000000100000000)
  eden space 133120K, 0% used [0x00000000d5c00000,0x00000000d5c00000,0x00000000dde00000)
  from space 5120K, 99% used [0x00000000de300000,0x00000000de7fd040,0x00000000de800000)
  to   space 5120K, 0% used [0x00000000dde00000,0x00000000dde00000,0x00000000de300000)
 ParOldGen       total 55296K, used 17994K [0x0000000081400000, 0x0000000084a00000, 0x00000000d5c00000)
  object space 55296K, 32% used [0x0000000081400000,0x0000000082592940,0x0000000084a00000)
 Metaspace       used 33189K, capacity 35480K, committed 35496K, reserved 1079296K
  class space    used 4412K, capacity 4904K, committed 4912K, reserved 1048576K
Event: 3.929 GC heap after
Heap after GC invocations=8 (full 2):
 PSYoungGen      total 138240K, used 0K [0x00000000d5c00000, 0x00000000de800000, 0x0000000100000000)
  eden space 133120K, 0% used [0x00000000d5c00000,0x00000000d5c00000,0x00000000dde00000)
  from space 5120K, 0% used [0x00000000de300000,0x00000000de300000,0x00000000de800000)
  to   space 5120K, 0% used [0x00000000dde00000,0x00000000dde00000,0x00000000de300000)
 ParOldGen       total 90112K, used 15240K [0x0000000081400000, 0x0000000086c00000, 0x00000000d5c00000)
  object space 90112K, 16% used [0x0000000081400000,0x00000000822e22f0,0x0000000086c00000)
 Metaspace       used 33189K, capacity 35480K, committed 35496K, reserved 1079296K
  class space    used 4412K, capacity 4904K, committed 4912K, reserved 1048576K
}

